TN:
SF:/data/netcdf2littler/tests/convert_littler_tests.f90
FN:17,__convert_littler_tests_MOD_assert
FN:34,__convert_littler_tests_MOD_initialize_tests
FN:50,__convert_littler_tests_MOD_report_tests
FN:73,__convert_littler_tests_MOD_main
FN:94,__convert_littler_tests_MOD_test_dateint
FN:103,__convert_littler_tests_MOD_test_get_default_littler
FN:163,__convert_littler_tests_MOD_test_readtimedim
FN:188,__convert_littler_tests_MOD_test_readstepnc_single
FNDA:32,__convert_littler_tests_MOD_assert
FNDA:1,__convert_littler_tests_MOD_initialize_tests
FNDA:1,__convert_littler_tests_MOD_report_tests
FNDA:1,__convert_littler_tests_MOD_main
FNDA:1,__convert_littler_tests_MOD_test_dateint
FNDA:1,__convert_littler_tests_MOD_test_get_default_littler
FNDA:1,__convert_littler_tests_MOD_test_readtimedim
FNDA:1,__convert_littler_tests_MOD_test_readstepnc_single
FNF:8
FNH:8
DA:17,32
DA:22,32
DA:23,32
DA:24,32
DA:26,31
DA:29,1
DA:31,64
DA:34,1
DA:40,1
DA:41,1
DA:43,1
DA:44,1
DA:45,1
DA:46,1
DA:47,1
DA:50,1
DA:55,1
DA:56,1
DA:58,34
DA:59,33
DA:60,32
DA:62,1
DA:66,1
DA:67,1
DA:68,1
DA:69,1
DA:70,1
DA:73,1
DA:75,1
DA:78,1
DA:79,1
DA:80,1
DA:81,1
DA:82,1
DA:83,1
DA:84,1
DA:86,1
DA:87,0
DA:88,0
DA:89,0
DA:91,1
DA:94,1
DA:98,1
DA:99,1
DA:100,1
DA:103,1
DA:117,1
DA:119,1
DA:120,1
DA:121,1
DA:122,1
DA:123,1
DA:124,1
DA:125,1
DA:126,1
DA:127,1
DA:128,1
DA:129,1
DA:130,1
DA:131,1
DA:132,1
DA:133,1
DA:134,1
DA:135,1
DA:136,1
DA:137,1
DA:138,1
DA:140,1
DA:141,1
DA:142,1
DA:143,1
DA:144,1
DA:145,1
DA:146,1
DA:147,1
DA:148,1
DA:149,1
DA:150,1
DA:151,1
DA:152,1
DA:153,1
DA:154,1
DA:155,1
DA:156,1
DA:157,1
DA:158,1
DA:159,1
DA:160,1
DA:163,1
DA:167,1
DA:169,1
DA:170,1
DA:171,1
DA:172,1
DA:173,1
DA:175,1
DA:176,1
DA:177,1
DA:178,1
DA:179,1
DA:180,1
DA:181,1
DA:183,1
DA:184,1
DA:185,1
DA:188,1
DA:195,1
DA:196,1
DA:197,1
DA:198,1
DA:199,1
DA:200,1
DA:201,1
DA:202,1
DA:203,1
DA:204,1
DA:205,1
DA:206,1
LF:118
LH:115
end_of_record
TN:
SF:/data/netcdf2littler/tests/run_tests.f90
FN:1,MAIN__
FN:3,main
FNDA:1,MAIN__
FNDA:1,main
FNF:2
FNH:2
DA:1,1
DA:3,1
DA:7,1
DA:8,1
LF:4
LH:4
end_of_record
